256
214
133
521 215 445 614
221 334 345 655
314 366 325 132
651
664
264

251
211
134
521 332 345 614
224 631 445 655
314 645 625 132
653
663
264

251
211
254
325 132 345 616
122 331 445 655
441 445 625 133
663
663
264

251
211
254
325 132 345 616
122 331 445 655
133 441 445 625
266
666
433

211
211
254
325 133 443 116
122 333 444 555
133 444 555 225
266
666
666

211
211
134
523 633 443 114
223 633 444 555
311 244 555 222
655
666
666

511
411
334
223 633 446 251
223 633 446 251
111 244 556 254
555
266
366

511
411
411
122 333 446 255
122 333 446 255
133 444 556 255
266
266
366

111
111
111
222 333 444 555
222 333 444 555
333 444 555 222
666
666
666

111
111
111
222 333 444 555
222 333 444 555
222 333 444 555
666
666
666
